Arguments: 
  C:\Program Files\nodejs\node.exe C:\Users\rafal\AppData\Roaming\npm\node_modules\yarn\bin\yarn.js nodemon

PATH: 
  C:\Windows\system32;C:\Windows;C:\Windows\System32\Wbem;C:\Windows\System32\WindowsPowerShell\v1.0\;C:\Windows\System32\OpenSSH\;C:\Program Files\Git\cmd;C:\Program Files\nodejs\;C:\Users\rafal\AppData\Local\Microsoft\WindowsApps;C:\Users\rafal\AppData\Local\Programs\Microsoft VS Code\bin;C:\Users\rafal\AppData\Local\GitHubDesktop\bin;C:\Users\rafal\AppData\Roaming\npm

Yarn version: 
  1.22.19

Node version: 
  18.12.1

Platform: 
  win32 x64

Trace: 
  SyntaxError: C:\Users\rafal\OneDrive\Documentos\GitHub\Processo-Trainee\Semana3\package.json: Unexpected end of JSON input
      at JSON.parse (<anonymous>)
      at C:\Users\rafal\AppData\Roaming\npm\node_modules\yarn\lib\cli.js:1629:59
      at Generator.next (<anonymous>)
      at step (C:\Users\rafal\AppData\Roaming\npm\node_modules\yarn\lib\cli.js:310:30)
      at C:\Users\rafal\AppData\Roaming\npm\node_modules\yarn\lib\cli.js:321:13

npm manifest: 
  

yarn manifest: 
  No manifest

Lockfile: 
  No lockfile
